Arguments: 
  /Users/yurie/.nodebrew/node/v9.5.0/bin/node /usr/local/Cellar/yarn/1.12.3/libexec/bin/yarn.js add express

PATH: 
  /Library/Frameworks/Python.framework/Versions/3.7/bin:/Users/yurie/.nodebrew/current/bin:/Library/Frameworks/Python.framework/Versions/3.6/bin:/Users/yurie/.fastlane/bin:/Users/yurie/.rbenv/shims:/usr/local/bin:/usr/bin:/bin:/usr/sbin:/sbin

Yarn version: 
  1.12.3

Node version: 
  9.5.0

Platform: 
  darwin x64

Trace: 
  SyntaxError: /Users/yurie/Internship Assessment/shopify-summer-intern/package.json: Unexpected end of JSON input
      at JSON.parse (<anonymous>)
      at /usr/local/Cellar/yarn/1.12.3/libexec/lib/cli.js:1631:59
      at Generator.next (<anonymous>)
      at step (/usr/local/Cellar/yarn/1.12.3/libexec/lib/cli.js:304:30)
      at /usr/local/Cellar/yarn/1.12.3/libexec/lib/cli.js:315:13
      at <anonymous>

npm manifest: 
  

yarn manifest: 
  No manifest

Lockfile: 
  No lockfile
